<?xml version="1.0" encoding="UTF-8"?>
<!-- Generated by org.testng.reporters.JUnitReportReporter -->
<testsuite skipped="0" hostname="LENOVO-PC" name="SeleniumPrograms.screenshots_ex" tests="1" failures="0" timestamp="28 Feb 2018 21:01:37 GMT" time="25.739" errors="0">
  <testcase name="screenshot" time="25.739" classname="SeleniumPrograms.screenshots_ex"/>
</testsuite> <!-- SeleniumPrograms.screenshots_ex -->
