<?xml version="1.0" encoding="UTF-8"?>
<!-- Generated by org.testng.reporters.JUnitReportReporter -->
<testsuite skipped="0" hostname="LENOVO-PC" name="Testng.Parameter_ex" tests="1" failures="0" timestamp="18 Mar 2018 18:20:49 GMT" time="0.039" errors="0">
  <testcase name="login" time="0.039" classname="Testng.Parameter_ex"/>
</testsuite> <!-- Testng.Parameter_ex -->
