<?xml version="1.0" encoding="UTF-8"?>
<!-- Generated by org.testng.reporters.JUnitReportReporter -->
<testsuite skipped="0" hostname="LENOVO-PC" name="SeleniumPrograms.frames_ex" tests="1" failures="0" timestamp="11 Mar 2018 18:00:38 GMT" time="15.609" errors="0">
  <testcase name="frames" time="15.609" classname="SeleniumPrograms.frames_ex"/>
</testsuite> <!-- SeleniumPrograms.frames_ex -->
