<?xml version="1.0" encoding="UTF-8"?>
<!-- Generated by org.testng.reporters.JUnitReportReporter -->
<testsuite skipped="0" hostname="LENOVO-PC" name="SeleniumPrograms.window_handling" tests="1" failures="0" timestamp="01 Apr 2018 16:13:23 GMT" time="15.282" errors="0">
  <testcase name="windowhandling_ex" time="15.282" classname="SeleniumPrograms.window_handling"/>
</testsuite> <!-- SeleniumPrograms.window_handling -->
