<?xml version="1.0" encoding="UTF-8"?>
<!-- Generated by org.testng.reporters.JUnitReportReporter -->
<testsuite skipped="0" hostname="LENOVO-PC" name="ExcelPrograms.ExcelReadTC" tests="1" failures="0" timestamp="24 Mar 2018 04:30:13 GMT" time="13.637" errors="0">
  <testcase name="read" time="13.637" classname="ExcelPrograms.ExcelReadTC"/>
</testsuite> <!-- ExcelPrograms.ExcelReadTC -->
