<?xml version="1.0" encoding="UTF-8"?>
<!-- Generated by org.testng.reporters.JUnitReportReporter -->
<testsuite skipped="0" hostname="LENOVO-PC" name="SeleniumPrograms.gmaildropdown_ex" tests="1" failures="0" timestamp="28 Feb 2018 19:50:18 GMT" time="15.147" errors="0">
  <testcase name="dropdowntest" time="15.147" classname="SeleniumPrograms.gmaildropdown_ex"/>
</testsuite> <!-- SeleniumPrograms.gmaildropdown_ex -->
