<?xml version="1.0" encoding="UTF-8"?>
<!-- Generated by org.testng.reporters.JUnitReportReporter -->
<testsuite skipped="0" hostname="LENOVO-PC" name="Testng.annotaions_ex" tests="2" failures="0" timestamp="14 Mar 2018 18:34:23 GMT" time="0.017" errors="0">
  <testcase name="sum" time="0.005" classname="Testng.annotaions_ex"/>
  <testcase name="mul" time="0.012" classname="Testng.annotaions_ex"/>
</testsuite> <!-- Testng.annotaions_ex -->
