<?xml version="1.0" encoding="UTF-8"?>
<!-- Generated by org.testng.reporters.JUnitReportReporter -->
<testsuite skipped="0" hostname="LENOVO-PC" name="SeleniumPrograms.alert_ex" tests="1" failures="0" timestamp="27 Feb 2018 20:07:39 GMT" time="12.364" errors="0">
  <testcase name="alertTC" time="12.364" classname="SeleniumPrograms.alert_ex"/>
</testsuite> <!-- SeleniumPrograms.alert_ex -->
