<?xml version="1.0" encoding="UTF-8"?>
<!-- Generated by org.testng.reporters.JUnitReportReporter -->
<testsuite skipped="0" hostname="LENOVO-PC" name="ExcelPrograms.excelwrite" tests="1" failures="0" timestamp="26 Mar 2018 19:42:58 GMT" time="5.532" errors="0">
  <testcase name="writedata" time="5.532" classname="ExcelPrograms.excelwrite"/>
</testsuite> <!-- ExcelPrograms.excelwrite -->
