<?xml version="1.0" encoding="UTF-8"?>
<!-- Generated by org.testng.reporters.JUnitReportReporter -->
<testsuite skipped="0" hostname="LENOVO-PC" name="Testng.Grouping_ex" tests="1" failures="0" timestamp="14 Mar 2018 18:53:23 GMT" time="0.032" errors="0">
  <testcase name="browser" time="0.032" classname="Testng.Grouping_ex"/>
</testsuite> <!-- Testng.Grouping_ex -->
