<?xml version="1.0" encoding="UTF-8"?>
<!-- Generated by org.testng.reporters.JUnitReportReporter -->
<testsuite skipped="0" hostname="LENOVO-PC" name="SeleniumPrograms.webdriver_demo" tests="1" failures="0" timestamp="18 Mar 2018 19:00:06 GMT" time="11.196" errors="0">
  <testcase name="login" time="11.196" classname="SeleniumPrograms.webdriver_demo"/>
</testsuite> <!-- SeleniumPrograms.webdriver_demo -->
