<?xml version="1.0" encoding="UTF-8"?>
<!-- Generated by org.testng.reporters.JUnitReportReporter -->
<testsuite skipped="0" hostname="LENOVO-PC" name="SeleniumPrograms.Actions_ex" tests="1" failures="0" timestamp="05 Mar 2018 20:29:13 GMT" time="36.596" errors="0">
  <testcase name="action_ex" time="36.596" classname="SeleniumPrograms.Actions_ex"/>
</testsuite> <!-- SeleniumPrograms.Actions_ex -->
