<?xml version="1.0" encoding="UTF-8"?>
<!-- Generated by org.testng.reporters.JUnitReportReporter -->
<testsuite skipped="0" hostname="LENOVO-PC" name="Testng.depends_on_method_ex" tests="3" failures="0" timestamp="14 Mar 2018 19:14:27 GMT" time="39.557" errors="0">
  <testcase name="login" time="1.470" classname="Testng.depends_on_method_ex"/>
  <testcase name="logout" time="0.447" classname="Testng.depends_on_method_ex"/>
  <testcase name="openbrowser" time="37.640" classname="Testng.depends_on_method_ex"/>
</testsuite> <!-- Testng.depends_on_method_ex -->
