<?xml version="1.0" encoding="UTF-8"?>
<!-- Generated by org.testng.reporters.JUnitReportReporter -->
<testsuite skipped="0" hostname="LENOVO-PC" name="Testng.atest" tests="1" failures="0" timestamp="14 Mar 2018 18:53:23 GMT" time="0.003" errors="0">
  <testcase name="rediff" time="0.003" classname="Testng.atest"/>
</testsuite> <!-- Testng.atest -->
