<?xml version="1.0" encoding="UTF-8"?>
<!-- Generated by org.testng.reporters.JUnitReportReporter -->
<testsuite skipped="0" hostname="LENOVO-PC" name="Testng.testngannotaion" tests="3" failures="0" timestamp="12 Mar 2018 18:21:16 GMT" time="12.385" errors="0">
  <testcase name="openbrowser" time="11.227" classname="Testng.testngannotaion"/>
  <testcase name="blogin" time="0.848" classname="Testng.testngannotaion"/>
  <testcase name="clogout" time="0.310" classname="Testng.testngannotaion"/>
</testsuite> <!-- Testng.testngannotaion -->
