<?xml version="1.0" encoding="UTF-8"?>
<!-- Generated by org.testng.reporters.JUnitReportReporter -->
<testsuite skipped="0" hostname="LENOVO-PC" name="SeleniumPrograms.radiobutton_ex" tests="1" failures="0" timestamp="28 Feb 2018 21:24:16 GMT" time="29.079" errors="0">
  <testcase name="radiotest" time="29.079" classname="SeleniumPrograms.radiobutton_ex"/>
</testsuite> <!-- SeleniumPrograms.radiobutton_ex -->
