<?xml version="1.0" encoding="UTF-8"?>
<!-- Generated by org.testng.reporters.JUnitReportReporter -->
<testsuite skipped="0" hostname="LENOVO-PC" name="SeleniumPrograms.webtables_Ex" tests="1" failures="0" timestamp="06 Mar 2018 20:25:13 GMT" time="25.068" errors="0">
  <testcase name="webtables" time="25.068" classname="SeleniumPrograms.webtables_Ex"/>
</testsuite> <!-- SeleniumPrograms.webtables_Ex -->
